<?xml version="1.0" encoding="UTF-8"?>
<!-- Generated by org.testng.reporters.JUnitReportReporter -->
<testsuite skipped="0" hostname="SUBASH" name="com.qa.tests.LoginPageTest" tests="3" failures="0" timestamp="04 Dec 2018 09:12:29 GMT" time="108.736" errors="0">
  <testcase name="checkinpageTilte" time="29.056" classname="com.qa.tests.LoginPageTest"/>
  <testcase name="checklogoimage" time="26.672" classname="com.qa.tests.LoginPageTest"/>
  <testcase name="loginTest" time="53.008" classname="com.qa.tests.LoginPageTest"/>
</testsuite> <!-- com.qa.tests.LoginPageTest -->
