<?xml version="1.0" encoding="UTF-8"?>
<!-- Generated by org.testng.reporters.JUnitReportReporter -->
<testsuite skipped="0" hostname="SUBASH" name="com.rediffmail.HandleMultipleWindow" tests="1" failures="0" timestamp="24 Nov 2018 08:55:39 GMT" time="164.901" errors="0">
  <testcase name="handlingWins" time="164.901" classname="com.rediffmail.HandleMultipleWindow"/>
</testsuite> <!-- com.rediffmail.HandleMultipleWindow -->
