<?xml version="1.0" encoding="UTF-8"?>
<!-- Generated by org.testng.reporters.JUnitReportReporter -->
<testsuite skipped="0" hostname="SUBASH" name="com.rediffmail.FindElemetsTest" tests="1" failures="0" timestamp="24 Nov 2018 06:15:04 GMT" time="26.046" errors="0">
  <testcase name="login" time="26.046" classname="com.rediffmail.FindElemetsTest"/>
</testsuite> <!-- com.rediffmail.FindElemetsTest -->
