<?xml version="1.0" encoding="UTF-8"?>
<!-- Generated by org.testng.reporters.JUnitReportReporter -->
<testsuite skipped="0" hostname="SUBASH" name="com.rediffmail.UploadFileTest" tests="1" failures="0" timestamp="18 Dec 2018 07:54:40 GMT" time="50.213" errors="0">
  <testcase name="frame" time="50.213" classname="com.rediffmail.UploadFileTest"/>
</testsuite> <!-- com.rediffmail.UploadFileTest -->
