<?xml version="1.0" encoding="UTF-8"?>
<!-- Generated by org.testng.reporters.JUnitReportReporter -->
<testsuite skipped="0" hostname="SUBASH" name="com.rediffmail.HelloTest" tests="1" failures="0" timestamp="22 Nov 2018 06:22:31 GMT" time="15.422" errors="0">
  <testcase name="ddExm" time="15.422" classname="com.rediffmail.HelloTest"/>
</testsuite> <!-- com.rediffmail.HelloTest -->
