<?xml version="1.0" encoding="UTF-8"?>
<!-- Generated by org.testng.reporters.JUnitReportReporter -->
<testsuite skipped="0" hostname="SUBASH" name="com.rediffmail.ReadDataFromConfig" tests="1" failures="0" timestamp="28 Nov 2018 04:13:06 GMT" time="26.896" errors="0">
  <testcase name="readDataConfig" time="26.896" classname="com.rediffmail.ReadDataFromConfig"/>
</testsuite> <!-- com.rediffmail.ReadDataFromConfig -->
