<?xml version="1.0" encoding="UTF-8"?>
<!-- Generated by org.testng.reporters.JUnitReportReporter -->
<testsuite skipped="0" hostname="SUBASH" name="com.rediffmail.RediffiSample" tests="1" failures="0" timestamp="22 Nov 2018 04:53:57 GMT" time="12.239" errors="0">
  <testcase name="Handlepopup" time="12.239" classname="com.rediffmail.RediffiSample"/>
</testsuite> <!-- com.rediffmail.RediffiSample -->
