<?xml version="1.0" encoding="UTF-8"?>
<!-- Generated by org.testng.reporters.JUnitReportReporter -->
<testsuite skipped="0" hostname="SUBASH" name="com.testdata.DataRead" tests="1" failures="0" timestamp="11 Dec 2018 08:55:09 GMT" time="203.244" errors="0">
  <testcase name="dataTest" time="203.244" classname="com.testdata.DataRead"/>
</testsuite> <!-- com.testdata.DataRead -->
