<?xml version="1.0" encoding="UTF-8"?>
<!-- Generated by org.testng.reporters.JUnitReportReporter -->
<testsuite skipped="0" hostname="SUBASH" name="com.pack1.Sample" tests="1" failures="0" timestamp="20 Nov 2018 18:50:21 GMT" time="7.193" errors="0">
  <testcase name="launchBrowser" time="7.193" classname="com.pack1.Sample"/>
</testsuite> <!-- com.pack1.Sample -->
