<?xml version="1.0" encoding="UTF-8"?>
<!-- Generated by org.testng.reporters.JUnitReportReporter -->
<testsuite skipped="0" hostname="SUBASH" name="com.pack1.HelloTest1" tests="1" failures="0" timestamp="21 Nov 2018 11:29:36 GMT" time="44.367" errors="0">
  <testcase name="facebooklaunch" time="44.367" classname="com.pack1.HelloTest1"/>
</testsuite> <!-- com.pack1.HelloTest1 -->
