<?xml version="1.0" encoding="UTF-8"?>
<!-- Generated by org.testng.reporters.JUnitReportReporter -->
<testsuite skipped="0" hostname="SUBASH" name="com.pack1.LocatorsTest" tests="1" failures="0" timestamp="20 Nov 2018 19:56:26 GMT" time="8.077" errors="0">
  <testcase name="locators" time="8.077" classname="com.pack1.LocatorsTest"/>
</testsuite> <!-- com.pack1.LocatorsTest -->
