<?xml version="1.0" encoding="UTF-8"?>
<!-- Generated by org.testng.reporters.JUnitReportReporter -->
<testsuite skipped="0" hostname="SUBASH" name="com.Facebook.FacebookSample" tests="1" failures="0" timestamp="21 Nov 2018 13:08:01 GMT" time="63.158" errors="0">
  <testcase name="facebooklaunch" time="63.158" classname="com.Facebook.FacebookSample"/>
</testsuite> <!-- com.Facebook.FacebookSample -->
