<?xml version="1.0" encoding="UTF-8"?>
<!-- Generated by org.testng.reporters.JUnitReportReporter -->
<testsuite skipped="0" hostname="SUBASH" name="com.Practice.FindElementsHandel" tests="1" failures="0" timestamp="27 Nov 2018 15:07:32 GMT" time="98.732" errors="0">
  <testcase name="findElements" time="98.732" classname="com.Practice.FindElementsHandel"/>
</testsuite> <!-- com.Practice.FindElementsHandel -->
