<?xml version="1.0" encoding="UTF-8"?>
<!-- Generated by org.testng.reporters.JUnitReportReporter -->
<testsuite skipped="0" hostname="SUBASH" name="com.Practice.DynamicGoogleSearchHandel" tests="1" failures="0" timestamp="28 Nov 2018 06:48:33 GMT" time="14.048" errors="0">
  <testcase name="googleSearch" time="14.048" classname="com.Practice.DynamicGoogleSearchHandel"/>
</testsuite> <!-- com.Practice.DynamicGoogleSearchHandel -->
