<?xml version="1.0" encoding="UTF-8"?>
<!-- Generated by org.testng.reporters.JUnitReportReporter -->
<testsuite skipped="0" hostname="SUBASH" name="com.Practice.FileUpLoadHandle" tests="1" failures="0" timestamp="27 Nov 2018 04:18:58 GMT" time="19.162" errors="0">
  <testcase name="FileLoadHandle" time="19.162" classname="com.Practice.FileUpLoadHandle"/>
</testsuite> <!-- com.Practice.FileUpLoadHandle -->
