<?xml version="1.0" encoding="UTF-8"?>
<!-- Generated by org.testng.reporters.JUnitReportReporter -->
<testsuite skipped="0" hostname="SUBASH" name="com.Practice.HandelIsDisplayedEnabledSelected" tests="4" failures="0" timestamp="28 Nov 2018 06:34:41 GMT" time="32.923" errors="0">
  <testcase name="browserPath" time="32.436" classname="com.Practice.HandelIsDisplayedEnabledSelected"/>
  <testcase name="isDisplayed" time="0.293" classname="com.Practice.HandelIsDisplayedEnabledSelected"/>
  <testcase name="isEnabled" time="0.095" classname="com.Practice.HandelIsDisplayedEnabledSelected"/>
  <testcase name="isselected" time="0.099" classname="com.Practice.HandelIsDisplayedEnabledSelected"/>
</testsuite> <!-- com.Practice.HandelIsDisplayedEnabledSelected -->
