<?xml version="1.0" encoding="UTF-8"?>
<!-- Generated by org.testng.reporters.JUnitReportReporter -->
<testsuite skipped="0" hostname="SUBASH" name="com.Practice.TakeScreenShot" tests="2" failures="0" timestamp="09 Dec 2018 08:16:34 GMT" time="142.365" errors="0">
  <testcase name="homePage" time="73.526" classname="com.Practice.TakeScreenShot"/>
  <testcase name="singupPage" time="68.839" classname="com.Practice.TakeScreenShot"/>
</testsuite> <!-- com.Practice.TakeScreenShot -->
