<?xml version="1.0" encoding="UTF-8"?>
<!-- Generated by org.testng.reporters.JUnitReportReporter -->
<testsuite skipped="0" hostname="SUBASH" name="com.log4j.LoginTest" tests="2" failures="0" timestamp="09 Dec 2018 16:26:13 GMT" time="60.897" errors="0">
  <testcase name="freecrmTitle" time="32.520" classname="com.log4j.LoginTest"/>
  <testcase name="freecrmlogo" time="28.377" classname="com.log4j.LoginTest"/>
</testsuite> <!-- com.log4j.LoginTest -->
