<?xml version="1.0" encoding="UTF-8"?>
<!-- Generated by org.testng.reporters.JUnitReportReporter -->
<testsuite skipped="0" hostname="SUBASH" name="com.pack.sikuli.YoutubeVideoSikuliTest" tests="1" failures="0" timestamp="09 Dec 2018 11:10:04 GMT" time="117.644" errors="0">
  <testcase name="youtubeTest" time="117.644" classname="com.pack.sikuli.YoutubeVideoSikuliTest"/>
</testsuite> <!-- com.pack.sikuli.YoutubeVideoSikuliTest -->
