<?xml version="1.0" encoding="UTF-8"?>
<!-- Generated by org.testng.reporters.JUnitReportReporter -->
<testsuite skipped="0" hostname="SUBASH" name="com.pack1.MyFirstSeleniumSample" tests="1" failures="0" timestamp="20 Nov 2018 05:41:29 GMT" time="13.950" errors="0">
  <testcase name="launchbrowser" time="13.950" classname="com.pack1.MyFirstSeleniumSample"/>
</testsuite> <!-- com.pack1.MyFirstSeleniumSample -->
