<?xml version="1.0" encoding="UTF-8"?>
<!-- Generated by org.testng.reporters.JUnitReportReporter -->
<testsuite skipped="1" hostname="SUBASH" name="com.Upload.UploadFile" tests="2" failures="0" timestamp="18 Dec 2018 07:47:35 GMT" time="15.187" errors="0">
  <testcase name="fileDownload" time="15.187" classname="com.Upload.UploadFile"/>
  <testcase name="fileUpload" classname="com.Upload.UploadFile">
    <skipped/>
  </testcase> <!-- fileUpload -->
</testsuite> <!-- com.Upload.UploadFile -->
