<?xml version="1.0" encoding="UTF-8"?>
<!-- Generated by org.testng.reporters.JUnitReportReporter -->
<testsuite skipped="0" hostname="SUBASH" name="com.pack2.SampleTest3" tests="1" failures="0" timestamp="21 Nov 2018 11:16:33 GMT" time="0.000" errors="0">
  <testcase name="testcase2" time="0.000" classname="com.pack2.SampleTest3"/>
</testsuite> <!-- com.pack2.SampleTest3 -->
