<?xml version="1.0" encoding="UTF-8"?>
<!-- Generated by org.testng.reporters.JUnitReportReporter -->
<testsuite skipped="0" hostname="SUBASH" name="com.pack1.SampleTest1" tests="4" failures="0" timestamp="21 Nov 2018 11:16:33 GMT" time="0.031" errors="0">
  <testcase name="launchbrowser" time="0.000" classname="com.pack1.SampleTest1"/>
  <testcase name="password" time="0.000" classname="com.pack1.SampleTest1"/>
  <testcase name="login" time="0.000" classname="com.pack1.SampleTest1"/>
  <testcase name="closebrowser" time="0.031" classname="com.pack1.SampleTest1"/>
</testsuite> <!-- com.pack1.SampleTest1 -->
