<?xml version="1.0" encoding="UTF-8"?>
<!-- Generated by org.testng.reporters.JUnitReportReporter -->
<testsuite skipped="0" hostname="SUBASH" name="com.pack1.SampleTest2" tests="1" failures="0" timestamp="21 Nov 2018 11:16:33 GMT" time="0.000" errors="0">
  <testcase name="testcase1" time="0.000" classname="com.pack1.SampleTest2"/>
</testsuite> <!-- com.pack1.SampleTest2 -->
