<?xml version="1.0" encoding="UTF-8"?>
<!-- Generated by org.testng.reporters.JUnitReportReporter -->
<testsuite skipped="1" hostname="SUBASH" name="com.ReadData.ReadFromExcel" tests="2" failures="0" timestamp="18 Dec 2018 11:17:47 GMT" time="1.198" errors="0">
  <testcase name="readData" time="1.198" classname="com.ReadData.ReadFromExcel"/>
  <testcase name="writeData" classname="com.ReadData.ReadFromExcel">
    <skipped/>
  </testcase> <!-- writeData -->
</testsuite> <!-- com.ReadData.ReadFromExcel -->
