<?xml version="1.0" encoding="UTF-8"?>
<!-- Generated by org.testng.reporters.JUnitReportReporter -->
<testsuite skipped="0" hostname="SUBASH" name="com.Data.ExcelSheetExm" tests="1" failures="0" timestamp="18 Dec 2018 19:42:02 GMT" time="78.343" errors="0">
  <testcase name="readDataFromExcelSheet" time="78.343" classname="com.Data.ExcelSheetExm"/>
</testsuite> <!-- com.Data.ExcelSheetExm -->
