<?xml version="1.0" encoding="UTF-8"?>
<!-- Generated by org.testng.reporters.JUnitReportReporter -->
<testsuite skipped="0" hostname="SUBASH" name="com.Data.ReadingDataFromExcelFile1" tests="1" failures="0" timestamp="18 Dec 2018 19:45:32 GMT" time="25.593" errors="0">
  <testcase name="init" time="25.593" classname="com.Data.ReadingDataFromExcelFile1"/>
</testsuite> <!-- com.Data.ReadingDataFromExcelFile1 -->
