<?xml version="1.0" encoding="UTF-8"?>
<!-- Generated by org.testng.reporters.JUnitReportReporter -->
<testsuite skipped="0" hostname="SUBASH" name="com.pack2.LaunchBrowserTest" tests="1" failures="0" timestamp="20 Nov 2018 11:52:21 GMT" time="25.366" errors="0">
  <testcase name="launchbrowser" time="25.366" classname="com.pack2.LaunchBrowserTest"/>
</testsuite> <!-- com.pack2.LaunchBrowserTest -->
