<?xml version="1.0" encoding="UTF-8"?>
<!-- Generated by org.testng.reporters.JUnitReportReporter -->
<testsuite skipped="0" hostname="SUBASH" name="com.pack1.FirstTest" tests="4" failures="0" timestamp="20 Nov 2018 11:52:21 GMT" time="0.055" errors="0">
  <testcase name="clickonlogin" time="0.033" classname="com.pack1.FirstTest"/>
  <testcase name="launchbrowser" time="0.015" classname="com.pack1.FirstTest"/>
  <testcase name="entervalidpassword" time="0.004" classname="com.pack1.FirstTest"/>
  <testcase name="enterusername" time="0.003" classname="com.pack1.FirstTest"/>
</testsuite> <!-- com.pack1.FirstTest -->
